0 info it worked if it ends with ok
1 verbose cli [ 'C:\\Program Files\\nodejs\\node.exe',
1 verbose cli   'C:\\Program Files\\nodejs\\node_modules\\npm\\bin\\npm-cli.js',
1 verbose cli   'run',
1 verbose cli   'ng',
1 verbose cli   '--',
1 verbose cli   'g',
1 verbose cli   'c',
1 verbose cli   'pair-assignment' ]
2 info using npm@3.10.3
3 info using node@v6.4.0
4 verbose run-script [ 'preng', 'ng', 'postng' ]
5 info lifecycle story-asssignment@2.0.0~preng: story-asssignment@2.0.0
6 silly lifecycle story-asssignment@2.0.0~preng: no script for preng, continuing
7 info lifecycle story-asssignment@2.0.0~ng: story-asssignment@2.0.0
8 verbose lifecycle story-asssignment@2.0.0~ng: unsafe-perm in lifecycle true
9 verbose lifecycle story-asssignment@2.0.0~ng: PATH: C:\Users\lucho\AppData\Roaming\nvm\v6.4.0\node_modules\npm\bin\node-gyp-bin;C:\Users\lucho\Documents\software-project-management-frontend\node_modules\.bin;C:\Program Files\nodejs;C:\Windows\system32;C:\Windows;C:\Windows\System32\Wbem;C:\Windows\System32\WindowsPowerShell\v1.0\;C:\Program Files\Git\cmd;%NVM_HOME%;%NVM_SYMLINK%;C:\Users\lucho\AppData\Local\Microsoft\WindowsApps;C:\Users\lucho\AppData\Local\Programs\Microsoft VS Code Insiders\bin;C:\Users\lucho\AppData\Roaming\nvm;C:\Program Files\nodejs
10 verbose lifecycle story-asssignment@2.0.0~ng: CWD: C:\Users\lucho\Documents\software-project-management-frontend
11 silly lifecycle story-asssignment@2.0.0~ng: Args: [ '/d /s /c', 'ng "g" "c" "pair-assignment"' ]
12 silly lifecycle story-asssignment@2.0.0~ng: Returned: code: 1  signal: null
13 info lifecycle story-asssignment@2.0.0~ng: Failed to exec ng script
14 verbose stack Error: story-asssignment@2.0.0 ng: `ng "g" "c" "pair-assignment"`
14 verbose stack Exit status 1
14 verbose stack     at EventEmitter.<anonymous> (C:\Users\lucho\AppData\Roaming\nvm\v6.4.0\node_modules\npm\lib\utils\lifecycle.js:242:16)
14 verbose stack     at emitTwo (events.js:106:13)
14 verbose stack     at EventEmitter.emit (events.js:191:7)
14 verbose stack     at ChildProcess.<anonymous> (C:\Users\lucho\AppData\Roaming\nvm\v6.4.0\node_modules\npm\lib\utils\spawn.js:40:14)
14 verbose stack     at emitTwo (events.js:106:13)
14 verbose stack     at ChildProcess.emit (events.js:191:7)
14 verbose stack     at maybeClose (internal/child_process.js:852:16)
14 verbose stack     at Process.ChildProcess._handle.onexit (internal/child_process.js:215:5)
15 verbose pkgid story-asssignment@2.0.0
16 verbose cwd C:\Users\lucho\Documents\software-project-management-frontend\src\app\assignment
17 error Windows_NT 10.0.16299
18 error argv "C:\\Program Files\\nodejs\\node.exe" "C:\\Program Files\\nodejs\\node_modules\\npm\\bin\\npm-cli.js" "run" "ng" "--" "g" "c" "pair-assignment"
19 error node v6.4.0
20 error npm  v3.10.3
21 error code ELIFECYCLE
22 error story-asssignment@2.0.0 ng: `ng "g" "c" "pair-assignment"`
22 error Exit status 1
23 error Failed at the story-asssignment@2.0.0 ng script 'ng "g" "c" "pair-assignment"'.
23 error Make sure you have the latest version of node.js and npm installed.
23 error If you do, this is most likely a problem with the story-asssignment package,
23 error not with npm itself.
23 error Tell the author that this fails on your system:
23 error     ng "g" "c" "pair-assignment"
23 error You can get information on how to open an issue for this project with:
23 error     npm bugs story-asssignment
23 error Or if that isn't available, you can get their info via:
23 error     npm owner ls story-asssignment
23 error There is likely additional logging output above.
24 verbose exit [ 1, true ]
